<?xml version="1.0" encoding="UTF-8"?>
<!-- Generated by org.testng.reporters.JUnitReportReporter -->
<testsuite hostname="LMIPL-118" name="selenium.framework.rythmos.datasolutions.TS_02_DataWarehouse" tests="1" failures="0" timestamp="28 Sep 2017 06:37:07 GMT" time="25.529" errors="0">
  <testcase name="TC_02_NavigatingtoGDPLpage" time="25.529" classname="selenium.framework.rythmos.datasolutions.TS_02_DataWarehouse"/>
</testsuite> <!-- selenium.framework.rythmos.datasolutions.TS_02_DataWarehouse -->
