<?xml version="1.0" encoding="UTF-8"?>
<!-- Generated by org.testng.reporters.JUnitReportReporter -->
<testsuite hostname="LMIPL-118" name="selenium.framework.rythmos.industries.TS_07_DataWarehouse" tests="3" failures="0" timestamp="28 Sep 2017 05:30:35 GMT" time="30.371" errors="0">
  <testcase name="getSize" time="2.377" classname="selenium.framework.rythmos.industries.TS_07_DataWarehouse"/>
  <testcase name="getSubSize" time="2.267" classname="selenium.framework.rythmos.industries.TS_07_DataWarehouse"/>
  <testcase name="TC_01_NavigatingtoGDPLpage" time="25.727" classname="selenium.framework.rythmos.industries.TS_07_DataWarehouse"/>
</testsuite> <!-- selenium.framework.rythmos.industries.TS_07_DataWarehouse -->
