<?xml version="1.0" encoding="UTF-8"?>
<!-- Generated by org.testng.reporters.JUnitReportReporter -->
<testsuite hostname="LMIPL-131" name="selenium.framework.navigation.GameDevelopmentPractice" tests="1" failures="0" timestamp="21 Sep 2017 12:25:59 GMT" time="24.536" errors="0">
  <testcase name="TC_01_NavigatingtoGDPLpage" time="24.536" classname="selenium.framework.navigation.GameDevelopmentPractice"/>
</testsuite> <!-- selenium.framework.navigation.GameDevelopmentPractice -->
