<?xml version="1.0" encoding="UTF-8"?>
<!-- Generated by org.testng.reporters.JUnitReportReporter -->
<testsuite hostname="LMIPL-131" name="selenium.framework.rythmos.industries.TS_06_CustomerandProspectDataCleansing" tests="1" failures="0" timestamp="26 Sep 2017 07:31:04 GMT" time="28.448" errors="0">
  <testcase name="TC_06_NavigatingCPDCPage" time="28.448" classname="selenium.framework.rythmos.industries.TS_06_CustomerandProspectDataCleansing"/>
</testsuite> <!-- selenium.framework.rythmos.industries.TS_06_CustomerandProspectDataCleansing -->
