<?xml version="1.0" encoding="UTF-8"?>
<!-- Generated by org.testng.reporters.JUnitReportReporter -->
<testsuite hostname="LMIPL-131" name="selenium.framework.navigation.GameQAandTestAutomation" tests="1" failures="0" timestamp="21 Sep 2017 12:25:59 GMT" time="7.591" errors="0">
  <testcase name="TC_01_NavigatingGQATAPage" time="7.591" classname="selenium.framework.navigation.GameQAandTestAutomation"/>
</testsuite> <!-- selenium.framework.navigation.GameQAandTestAutomation -->
