<?xml version="1.0" encoding="UTF-8"?>
<!-- Generated by org.testng.reporters.JUnitReportReporter -->
<testsuite hostname="LMIPL-118" name="selenium.framework.rythmos.industries.TS_03_GameQAandTestAutomation" tests="1" failures="0" timestamp="26 Sep 2017 13:14:13 GMT" time="7.498" errors="0">
  <testcase name="TC_01_NavigatingGQATAPage" time="7.498" classname="selenium.framework.rythmos.industries.TS_03_GameQAandTestAutomation"/>
</testsuite> <!-- selenium.framework.rythmos.industries.TS_03_GameQAandTestAutomation -->
